Compiling the CXX compiler identification source file "CMakeCXXCompilerId.cpp" failed.
Compiler: C:/Program Files (x86)/Microsoft Visual Studio/2019/Community/VC/Tools/MSVC/14.29.30133/bin/Hostx64/x64/cl.exe 
Build flags: -g;-pedantic;-pthread;-Wall;-Wextra;-Werror
Id flags:  

The output was:
2
Оптимизирующий компилятор Microsoft (R) C/C++ версии 19.29.30136 для x64
(C) Корпорация Майкрософт (Microsoft Corporation).  Все права защищены.

cl: командная строка error D8021: недопустимый числовой аргумент "/Wextra"


Compiling the CXX compiler identification source file "CMakeCXXCompilerId.cpp" failed.
Compiler: C:/Program Files (x86)/Microsoft Visual Studio/2019/Community/VC/Tools/MSVC/14.29.30133/bin/Hostx64/x64/cl.exe 
Build flags: -g;-pedantic;-pthread;-Wall;-Wextra;-Werror
Id flags: -c 

The output was:
2
Оптимизирующий компилятор Microsoft (R) C/C++ версии 19.29.30136 для x64
(C) Корпорация Майкрософт (Microsoft Corporation).  Все права защищены.

cl: командная строка error D8021: недопустимый числовой аргумент "/Wextra"


Compiling the CXX compiler identification source file "CMakeCXXCompilerId.cpp" failed.
Compiler: C:/Program Files (x86)/Microsoft Visual Studio/2019/Community/VC/Tools/MSVC/14.29.30133/bin/Hostx64/x64/cl.exe 
Build flags: -g;-pedantic;-pthread;-Wall;-Wextra;-Werror
Id flags: --c++ 

The output was:
2
Оптимизирующий компилятор Microsoft (R) C/C++ версии 19.29.30136 для x64
(C) Корпорация Майкрософт (Microsoft Corporation).  Все права защищены.

cl: командная строка error D8021: недопустимый числовой аргумент "/Wextra"


Compiling the CXX compiler identification source file "CMakeCXXCompilerId.cpp" failed.
Compiler: C:/Program Files (x86)/Microsoft Visual Studio/2019/Community/VC/Tools/MSVC/14.29.30133/bin/Hostx64/x64/cl.exe 
Build flags: -g;-pedantic;-pthread;-Wall;-Wextra;-Werror
Id flags: --ec++ 

The output was:
2
Оптимизирующий компилятор Microsoft (R) C/C++ версии 19.29.30136 для x64
(C) Корпорация Майкрософт (Microsoft Corporation).  Все права защищены.

cl: командная строка error D8021: недопустимый числовой аргумент "/Wextra"


Compiling the CXX compiler identification source file "CMakeCXXCompilerId.cpp" failed.
Compiler: C:/Program Files (x86)/Microsoft Visual Studio/2019/Community/VC/Tools/MSVC/14.29.30133/bin/Hostx64/x64/cl.exe 
Build flags: -g;-pedantic;-pthread;-Wall;-Wextra;-Werror
Id flags: --target=arm-arm-none-eabi;-mcpu=cortex-m3 

The output was:
2
Оптимизирующий компилятор Microsoft (R) C/C++ версии 19.29.30136 для x64
(C) Корпорация Майкрософт (Microsoft Corporation).  Все права защищены.

cl: командная строка error D8021: недопустимый числовой аргумент "/Wextra"


Detecting CXX compiler ABI info failed to compile with the following output:
Change Dir: C:/Users/Dreyka/source/repos/oop_exercise_08/src/out/build/x64-Debug/CMakeFiles/CMakeTmp

Run Build Command(s):C:/Program Files (x86)/Microsoft Visual Studio/2019/Community/Common7/IDE/CommonExtensions/Microsoft/CMake/Ninja/ninja.exe cmTC_3b080 && [1/2] Building CXX object CMakeFiles\cmTC_3b080.dir\CMakeCXXCompilerABI.cpp.obj
FAILED: CMakeFiles/cmTC_3b080.dir/CMakeCXXCompilerABI.cpp.obj 
C:\PROGRA~2\MICROS~3\2019\COMMUN~1\VC\Tools\MSVC\1429~1.301\bin\Hostx64\x64\cl.exe  /nologo /TP   -g -pedantic -pthread -Wall -Wextra   /Zi /Ob0 /Od /RTC1 -MDd /showIncludes /FoCMakeFiles\cmTC_3b080.dir\CMakeCXXCompilerABI.cpp.obj /FdCMakeFiles\cmTC_3b080.dir\ /FS -c "C:\Program Files (x86)\Microsoft Visual Studio\2019\Community\Common7\IDE\CommonExtensions\Microsoft\CMake\CMake\share\cmake-3.20\Modules\CMakeCXXCompilerABI.cpp"
cl: командная строка error D8021: недопустимый числовой аргумент "/Wextra"
ninja: build stopped: subcommand failed.




Determining if the CXX compiler works failed with the following output:
Change Dir: C:/Users/Dreyka/source/repos/oop_exercise_08/src/out/build/x64-Debug/CMakeFiles/CMakeTmp

Run Build Command(s):C:/Program Files (x86)/Microsoft Visual Studio/2019/Community/Common7/IDE/CommonExtensions/Microsoft/CMake/Ninja/ninja.exe cmTC_a4561 && [1/2] Building CXX object CMakeFiles\cmTC_a4561.dir\testCXXCompiler.cxx.obj
FAILED: CMakeFiles/cmTC_a4561.dir/testCXXCompiler.cxx.obj 
C:\PROGRA~2\MICROS~3\2019\COMMUN~1\VC\Tools\MSVC\1429~1.301\bin\Hostx64\x64\cl.exe  /nologo /TP   -g -pedantic -pthread -Wall -Wextra -Werror  /Zi /Ob0 /Od /RTC1 -MDd /showIncludes /FoCMakeFiles\cmTC_a4561.dir\testCXXCompiler.cxx.obj /FdCMakeFiles\cmTC_a4561.dir\ /FS -c testCXXCompiler.cxx
cl: командная строка error D8021: недопустимый числовой аргумент "/Wextra"
ninja: build stopped: subcommand failed.



Compiling the CXX compiler identification source file "CMakeCXXCompilerId.cpp" failed.
Compiler: C:/Program Files (x86)/Microsoft Visual Studio/2019/Community/VC/Tools/MSVC/14.29.30133/bin/Hostx64/x64/cl.exe 
Build flags: -g;-pedantic;-pthread;-Wall;-Wextra;-Werror
Id flags:  

The output was:
2
Оптимизирующий компилятор Microsoft (R) C/C++ версии 19.29.30136 для x64
(C) Корпорация Майкрософт (Microsoft Corporation).  Все права защищены.

cl: командная строка error D8021: недопустимый числовой аргумент "/Wextra"


Compiling the CXX compiler identification source file "CMakeCXXCompilerId.cpp" failed.
Compiler: C:/Program Files (x86)/Microsoft Visual Studio/2019/Community/VC/Tools/MSVC/14.29.30133/bin/Hostx64/x64/cl.exe 
Build flags: -g;-pedantic;-pthread;-Wall;-Wextra;-Werror
Id flags: -c 

The output was:
2
Оптимизирующий компилятор Microsoft (R) C/C++ версии 19.29.30136 для x64
(C) Корпорация Майкрософт (Microsoft Corporation).  Все права защищены.

cl: командная строка error D8021: недопустимый числовой аргумент "/Wextra"


Compiling the CXX compiler identification source file "CMakeCXXCompilerId.cpp" failed.
Compiler: C:/Program Files (x86)/Microsoft Visual Studio/2019/Community/VC/Tools/MSVC/14.29.30133/bin/Hostx64/x64/cl.exe 
Build flags: -g;-pedantic;-pthread;-Wall;-Wextra;-Werror
Id flags: --c++ 

The output was:
2
Оптимизирующий компилятор Microsoft (R) C/C++ версии 19.29.30136 для x64
(C) Корпорация Майкрософт (Microsoft Corporation).  Все права защищены.

cl: командная строка error D8021: недопустимый числовой аргумент "/Wextra"


Compiling the CXX compiler identification source file "CMakeCXXCompilerId.cpp" failed.
Compiler: C:/Program Files (x86)/Microsoft Visual Studio/2019/Community/VC/Tools/MSVC/14.29.30133/bin/Hostx64/x64/cl.exe 
Build flags: -g;-pedantic;-pthread;-Wall;-Wextra;-Werror
Id flags: --ec++ 

The output was:
2
Оптимизирующий компилятор Microsoft (R) C/C++ версии 19.29.30136 для x64
(C) Корпорация Майкрософт (Microsoft Corporation).  Все права защищены.

cl: командная строка error D8021: недопустимый числовой аргумент "/Wextra"


Compiling the CXX compiler identification source file "CMakeCXXCompilerId.cpp" failed.
Compiler: C:/Program Files (x86)/Microsoft Visual Studio/2019/Community/VC/Tools/MSVC/14.29.30133/bin/Hostx64/x64/cl.exe 
Build flags: -g;-pedantic;-pthread;-Wall;-Wextra;-Werror
Id flags: --target=arm-arm-none-eabi;-mcpu=cortex-m3 

The output was:
2
Оптимизирующий компилятор Microsoft (R) C/C++ версии 19.29.30136 для x64
(C) Корпорация Майкрософт (Microsoft Corporation).  Все права защищены.

cl: командная строка error D8021: недопустимый числовой аргумент "/Wextra"


Detecting CXX compiler ABI info failed to compile with the following output:
Change Dir: C:/Users/Dreyka/source/repos/oop_exercise_08/src/out/build/x64-Debug/CMakeFiles/CMakeTmp

Run Build Command(s):C:/Program Files (x86)/Microsoft Visual Studio/2019/Community/Common7/IDE/CommonExtensions/Microsoft/CMake/Ninja/ninja.exe cmTC_af27a && [1/2] Building CXX object CMakeFiles\cmTC_af27a.dir\CMakeCXXCompilerABI.cpp.obj
FAILED: CMakeFiles/cmTC_af27a.dir/CMakeCXXCompilerABI.cpp.obj 
C:\PROGRA~2\MICROS~3\2019\COMMUN~1\VC\Tools\MSVC\1429~1.301\bin\Hostx64\x64\cl.exe  /nologo /TP   -g -pedantic -pthread -Wall -Wextra   /Zi /Ob0 /Od /RTC1 -MDd /showIncludes /FoCMakeFiles\cmTC_af27a.dir\CMakeCXXCompilerABI.cpp.obj /FdCMakeFiles\cmTC_af27a.dir\ /FS -c "C:\Program Files (x86)\Microsoft Visual Studio\2019\Community\Common7\IDE\CommonExtensions\Microsoft\CMake\CMake\share\cmake-3.20\Modules\CMakeCXXCompilerABI.cpp"
cl: командная строка error D8021: недопустимый числовой аргумент "/Wextra"
ninja: build stopped: subcommand failed.




Determining if the CXX compiler works failed with the following output:
Change Dir: C:/Users/Dreyka/source/repos/oop_exercise_08/src/out/build/x64-Debug/CMakeFiles/CMakeTmp

Run Build Command(s):C:/Program Files (x86)/Microsoft Visual Studio/2019/Community/Common7/IDE/CommonExtensions/Microsoft/CMake/Ninja/ninja.exe cmTC_b07fc && [1/2] Building CXX object CMakeFiles\cmTC_b07fc.dir\testCXXCompiler.cxx.obj
FAILED: CMakeFiles/cmTC_b07fc.dir/testCXXCompiler.cxx.obj 
C:\PROGRA~2\MICROS~3\2019\COMMUN~1\VC\Tools\MSVC\1429~1.301\bin\Hostx64\x64\cl.exe  /nologo /TP   -g -pedantic -pthread -Wall -Wextra -Werror  /Zi /Ob0 /Od /RTC1 -MDd /showIncludes /FoCMakeFiles\cmTC_b07fc.dir\testCXXCompiler.cxx.obj /FdCMakeFiles\cmTC_b07fc.dir\ /FS -c testCXXCompiler.cxx
cl: командная строка error D8021: недопустимый числовой аргумент "/Wextra"
ninja: build stopped: subcommand failed.



Compiling the CXX compiler identification source file "CMakeCXXCompilerId.cpp" failed.
Compiler: C:/Program Files (x86)/Microsoft Visual Studio/2019/Community/VC/Tools/MSVC/14.29.30133/bin/Hostx64/x64/cl.exe 
Build flags: -g;-pedantic;-pthread;-Wall;-Werror
Id flags:  

The output was:
2
Оптимизирующий компилятор Microsoft (R) C/C++ версии 19.29.30136 для x64
(C) Корпорация Майкрософт (Microsoft Corporation).  Все права защищены.

cl: командная строка error D8021: недопустимый числовой аргумент "/Werror"


Compiling the CXX compiler identification source file "CMakeCXXCompilerId.cpp" failed.
Compiler: C:/Program Files (x86)/Microsoft Visual Studio/2019/Community/VC/Tools/MSVC/14.29.30133/bin/Hostx64/x64/cl.exe 
Build flags: -g;-pedantic;-pthread;-Wall;-Werror
Id flags: -c 

The output was:
2
Оптимизирующий компилятор Microsoft (R) C/C++ версии 19.29.30136 для x64
(C) Корпорация Майкрософт (Microsoft Corporation).  Все права защищены.

cl: командная строка error D8021: недопустимый числовой аргумент "/Werror"


Compiling the CXX compiler identification source file "CMakeCXXCompilerId.cpp" failed.
Compiler: C:/Program Files (x86)/Microsoft Visual Studio/2019/Community/VC/Tools/MSVC/14.29.30133/bin/Hostx64/x64/cl.exe 
Build flags: -g;-pedantic;-pthread;-Wall;-Werror
Id flags: --c++ 

The output was:
2
Оптимизирующий компилятор Microsoft (R) C/C++ версии 19.29.30136 для x64
(C) Корпорация Майкрософт (Microsoft Corporation).  Все права защищены.

cl: командная строка error D8021: недопустимый числовой аргумент "/Werror"


Compiling the CXX compiler identification source file "CMakeCXXCompilerId.cpp" failed.
Compiler: C:/Program Files (x86)/Microsoft Visual Studio/2019/Community/VC/Tools/MSVC/14.29.30133/bin/Hostx64/x64/cl.exe 
Build flags: -g;-pedantic;-pthread;-Wall;-Werror
Id flags: --ec++ 

The output was:
2
Оптимизирующий компилятор Microsoft (R) C/C++ версии 19.29.30136 для x64
(C) Корпорация Майкрософт (Microsoft Corporation).  Все права защищены.

cl: командная строка error D8021: недопустимый числовой аргумент "/Werror"


Compiling the CXX compiler identification source file "CMakeCXXCompilerId.cpp" failed.
Compiler: C:/Program Files (x86)/Microsoft Visual Studio/2019/Community/VC/Tools/MSVC/14.29.30133/bin/Hostx64/x64/cl.exe 
Build flags: -g;-pedantic;-pthread;-Wall;-Werror
Id flags: --target=arm-arm-none-eabi;-mcpu=cortex-m3 

The output was:
2
Оптимизирующий компилятор Microsoft (R) C/C++ версии 19.29.30136 для x64
(C) Корпорация Майкрософт (Microsoft Corporation).  Все права защищены.

cl: командная строка error D8021: недопустимый числовой аргумент "/Werror"


